2020-08-09T22:24:34.088Z [api-grandes] info: POST /grades/media -{"subject":"01 - JavaScript","type":"Fórum"} : 10.75
2020-08-09T22:25:28.406Z [api-grandes] info: POST /grades/topTree
2020-08-09T22:26:32.476Z [api-grandes] info: API Started!
2020-08-09T22:26:37.652Z [api-grandes] info: POST /grades/topTree
2020-08-09T22:27:10.040Z [api-grandes] info: API Started!
2020-08-09T22:28:26.056Z [api-grandes] info: POST /grades/topTree
2020-08-09T22:29:19.415Z [api-grandes] info: API Started!
2020-08-09T22:30:02.890Z [api-grandes] info: POST /grades/topTree
2020-08-09T22:30:42.624Z [api-grandes] info: API Started!
2020-08-09T22:30:46.798Z [api-grandes] info: POST /grades/topTree
2020-08-09T22:32:02.270Z [api-grandes] info: POST /grades/media -{"subject":"02 - Node","type":"Desafio"} : 27
2020-08-09T22:32:32.676Z [api-grandes] info: POST /grades/sumGrades
2020-08-09T22:33:38.159Z [api-grandes] info: POST /grades - {"id":49,"student":"Roberto Achar","subject":"03 - React","type":"Fórum","value":10,"timestamp":"2020-08-09T22:33:38.156Z"}
2020-08-09T22:34:09.831Z [api-grandes] info: POST /grades/sumGrades
2020-08-09T22:35:00.690Z [api-grandes] info: GET /grades/:id
2020-08-09T22:35:40.159Z [api-grandes] info: PUT /grades - {"id":33,"student":"Roberto Achar","subject":"01 - JavaScript","type":"Desafio","value":15}
2020-08-09T22:35:46.486Z [api-grandes] info: GET /grades/:id
2020-08-09T22:36:07.754Z [api-grandes] info: POST /grades/media -{"subject":"01 - JavaScript","type":"Desafio"} : 13
2020-08-09T22:36:35.280Z [api-grandes] info: DELETE /grades/:id
2020-08-09T22:37:21.452Z [api-grandes] info: POST /grades/media -{"subject":"04 - MongoDB","type":"Trabalho Prático"} : 26
2020-08-09T22:37:43.121Z [api-grandes] info: GET /grades/:id
